<?xml version="1.0" encoding="UTF-8"?>
<!-- Generated by org.testng.reporters.JUnitReportReporter -->
<testsuite hostname="TDG-MBL-CHA036.local" failures="0" tests="1" name="com.todoapp.qa.testdata.HomePageTest" time="14.217" errors="0" timestamp="01 Oct 2018 23:08:05 GMT" skipped="0">
  <testcase classname="com.todoapp.qa.testdata.HomePageTest" name="verifyMyTasksLinkPresent" time="14.217"/>
</testsuite> <!-- com.todoapp.qa.testdata.HomePageTest -->
