<?xml version="1.0" encoding="UTF-8"?>
<!-- Generated by org.testng.reporters.JUnitReportReporter -->
<testsuite hostname="TDG-MBL-CHA036.local" failures="0" tests="2" name="com.todoapp.qa.testdata.LoginPageTest" time="26.789" errors="0" timestamp="01 Oct 2018 21:14:24 GMT" skipped="0">
  <testcase classname="com.todoapp.qa.testdata.LoginPageTest" name="loginPageTitleTest" time="9.353"/>
  <testcase classname="com.todoapp.qa.testdata.LoginPageTest" name="loginTest" time="17.436"/>
</testsuite> <!-- com.todoapp.qa.testdata.LoginPageTest -->
