<?xml version="1.0" encoding="UTF-8"?>
<!-- Generated by org.testng.reporters.JUnitReportReporter -->
<testsuite hostname="TDG-MBL-CHA036.local" failures="0" tests="4" name="com.todoapp.qa.testdata.MyTasksPageTest" time="16.699" errors="0" timestamp="02 Oct 2018 02:53:57 GMT" skipped="3">
  <testcase classname="com.todoapp.qa.testdata.MyTasksPageTest" name="verifyHittingEnterAddingATask" time="16.699"/>
  <testcase classname="com.todoapp.qa.testdata.MyTasksPageTest" name="verifyText">
    <skipped/>
  </testcase> <!-- verifyText -->
  <testcase classname="com.todoapp.qa.testdata.MyTasksPageTest" name="verifyAddingATaskByClickingAddButton">
    <skipped/>
  </testcase> <!-- verifyAddingATaskByClickingAddButton -->
  <testcase classname="com.todoapp.qa.testdata.MyTasksPageTest" name="loginPageTitleTest">
    <skipped/>
  </testcase> <!-- loginPageTitleTest -->
</testsuite> <!-- com.todoapp.qa.testdata.MyTasksPageTest -->
